

============================== 2022-11-13 03:33:34.204701 | 94eaa40e-d556-436c-95ed-00aa0a45141a ==============================
[0m03:33:34.204710 [info ] [MainThread]: Running with dbt=1.3.0
[0m03:33:34.205780 [debug] [MainThread]: running dbt with arguments {'write_json': True, 'use_colors': True, 'printer_width': 80, 'version_check': True, 'partial_parse': True, 'static_parser': True, 'profiles_dir': '/Users/rattapon/.dbt', 'send_anonymous_usage_stats': True, 'event_buffer_size': 100000, 'quiet': False, 'no_print': False, 'project_name': 'jaffle_shop', 'skip_profile_setup': False, 'which': 'init', 'indirect_selection': 'eager'}
[0m03:33:34.205918 [debug] [MainThread]: Tracking: tracking
[0m03:33:34.221317 [debug] [MainThread]: Sending event: {'category': 'dbt', 'action': 'invocation', 'label': 'start', 'context': [<snowplow_tracker.self_describing_json.SelfDescribingJson object at 0x104dbc520>, <snowplow_tracker.self_describing_json.SelfDescribingJson object at 0x104dbc550>, <snowplow_tracker.self_describing_json.SelfDescribingJson object at 0x104dbc730>]}
[0m03:33:34.222153 [info ] [MainThread]: Creating dbt configuration folder at /Users/rattapon/.dbt
[0m03:33:34.223679 [debug] [MainThread]: Starter project path: /opt/homebrew/Cellar/dbt-postgres/1.3.0/libexec/lib/python3.9/site-packages/dbt/include/starter_project
[0m03:33:47.123711 [info ] [MainThread]: Profile jaffle_shop written to /Users/rattapon/.dbt/profiles.yml using target's sample configuration. Once updated, you'll be able to start developing with dbt.
[0m03:33:47.124050 [info ] [MainThread]: 
Your new dbt project "jaffle_shop" was created!

For more information on how to configure the profiles.yml file,
please consult the dbt documentation here:

  https://docs.getdbt.com/docs/configure-your-profile

One more thing:

Need help? Don't hesitate to reach out to us via GitHub issues or on Slack:

  https://community.getdbt.com/

Happy modeling!

[0m03:33:47.124310 [debug] [MainThread]: Sending event: {'category': 'dbt', 'action': 'invocation', 'label': 'end', 'context': [<snowplow_tracker.self_describing_json.SelfDescribingJson object at 0x104e6d2b0>, <snowplow_tracker.self_describing_json.SelfDescribingJson object at 0x104e6d400>, <snowplow_tracker.self_describing_json.SelfDescribingJson object at 0x104e6da60>]}
[0m03:33:47.124528 [debug] [MainThread]: Flushing usage events


============================== 2022-11-13 04:18:38.933013 | 612c83a3-2e3f-49c8-a65a-bb423c6e9161 ==============================
[0m04:18:38.933024 [info ] [MainThread]: Running with dbt=1.3.0
[0m04:18:38.933626 [debug] [MainThread]: running dbt with arguments {'write_json': True, 'use_colors': True, 'printer_width': 80, 'version_check': True, 'partial_parse': True, 'static_parser': True, 'profiles_dir': '/Users/rattapon/.dbt', 'send_anonymous_usage_stats': True, 'event_buffer_size': 100000, 'quiet': False, 'no_print': False, 'config_dir': False, 'which': 'debug', 'indirect_selection': 'eager'}
[0m04:18:38.933855 [debug] [MainThread]: Tracking: tracking
[0m04:18:38.958040 [debug] [MainThread]: Sending event: {'category': 'dbt', 'action': 'invocation', 'label': 'start', 'context': [<snowplow_tracker.self_describing_json.SelfDescribingJson object at 0x1044d3c40>, <snowplow_tracker.self_describing_json.SelfDescribingJson object at 0x1044d3e80>, <snowplow_tracker.self_describing_json.SelfDescribingJson object at 0x1044d3a60>]}
[0m04:18:38.968831 [info ] [MainThread]: Error importing adapter: No module named 'dbt.adapters.bigquery'
[0m04:18:38.969598 [debug] [MainThread]: Executing "git --help"
[0m04:18:38.989934 [debug] [MainThread]: STDOUT: "b"usage: git [-v | --version] [-h | --help] [-C <path>] [-c <name>=<value>]\n           [--exec-path[=<path>]] [--html-path] [--man-path] [--info-path]\n           [-p | --paginate | -P | --no-pager] [--no-replace-objects] [--bare]\n           [--git-dir=<path>] [--work-tree=<path>] [--namespace=<name>]\n           [--super-prefix=<path>] [--config-env=<name>=<envvar>]\n           <command> [<args>]\n\nThese are common Git commands used in various situations:\n\nstart a working area (see also: git help tutorial)\n   clone     Clone a repository into a new directory\n   init      Create an empty Git repository or reinitialize an existing one\n\nwork on the current change (see also: git help everyday)\n   add       Add file contents to the index\n   mv        Move or rename a file, a directory, or a symlink\n   restore   Restore working tree files\n   rm        Remove files from the working tree and from the index\n\nexamine the history and state (see also: git help revisions)\n   bisect    Use binary search to find the commit that introduced a bug\n   diff      Show changes between commits, commit and working tree, etc\n   grep      Print lines matching a pattern\n   log       Show commit logs\n   show      Show various types of objects\n   status    Show the working tree status\n\ngrow, mark and tweak your common history\n   branch    List, create, or delete branches\n   commit    Record changes to the repository\n   merge     Join two or more development histories together\n   rebase    Reapply commits on top of another base tip\n   reset     Reset current HEAD to the specified state\n   switch    Switch branches\n   tag       Create, list, delete or verify a tag object signed with GPG\n\ncollaborate (see also: git help workflows)\n   fetch     Download objects and refs from another repository\n   pull      Fetch from and integrate with another repository or a local branch\n   push      Update remote refs along with associated objects\n\n'git help -a' and 'git help -g' list available subcommands and some\nconcept guides. See 'git help <command>' or 'git help <concept>'\nto read about a specific subcommand or concept.\nSee 'git help git' for an overview of the system.\n""
[0m04:18:38.990601 [debug] [MainThread]: STDERR: "b''"
[0m04:18:38.991262 [debug] [MainThread]: Sending event: {'category': 'dbt', 'action': 'invocation', 'label': 'end', 'context': [<snowplow_tracker.self_describing_json.SelfDescribingJson object at 0x104504430>, <snowplow_tracker.self_describing_json.SelfDescribingJson object at 0x104504be0>, <snowplow_tracker.self_describing_json.SelfDescribingJson object at 0x104504970>]}
[0m04:18:38.991733 [debug] [MainThread]: Flushing usage events


============================== 2022-11-13 04:48:58.165898 | d1e48425-4842-45ff-ae67-624017f7f094 ==============================
[0m04:48:58.165907 [info ] [MainThread]: Running with dbt=1.3.0
[0m04:48:58.166413 [debug] [MainThread]: running dbt with arguments {'write_json': True, 'use_colors': True, 'printer_width': 80, 'version_check': True, 'partial_parse': True, 'static_parser': True, 'profiles_dir': '/Users/rattapon/.dbt', 'send_anonymous_usage_stats': True, 'event_buffer_size': 100000, 'quiet': False, 'no_print': False, 'config_dir': False, 'which': 'debug', 'indirect_selection': 'eager'}
[0m04:48:58.166542 [debug] [MainThread]: Tracking: tracking
[0m04:48:58.184315 [debug] [MainThread]: Sending event: {'category': 'dbt', 'action': 'invocation', 'label': 'start', 'context': [<snowplow_tracker.self_describing_json.SelfDescribingJson object at 0x10622e520>, <snowplow_tracker.self_describing_json.SelfDescribingJson object at 0x1061f1c70>, <snowplow_tracker.self_describing_json.SelfDescribingJson object at 0x1061f1c10>]}
[0m04:48:59.018371 [debug] [MainThread]: Executing "git --help"
[0m04:48:59.036726 [debug] [MainThread]: STDOUT: "b"usage: git [-v | --version] [-h | --help] [-C <path>] [-c <name>=<value>]\n           [--exec-path[=<path>]] [--html-path] [--man-path] [--info-path]\n           [-p | --paginate | -P | --no-pager] [--no-replace-objects] [--bare]\n           [--git-dir=<path>] [--work-tree=<path>] [--namespace=<name>]\n           [--super-prefix=<path>] [--config-env=<name>=<envvar>]\n           <command> [<args>]\n\nThese are common Git commands used in various situations:\n\nstart a working area (see also: git help tutorial)\n   clone     Clone a repository into a new directory\n   init      Create an empty Git repository or reinitialize an existing one\n\nwork on the current change (see also: git help everyday)\n   add       Add file contents to the index\n   mv        Move or rename a file, a directory, or a symlink\n   restore   Restore working tree files\n   rm        Remove files from the working tree and from the index\n\nexamine the history and state (see also: git help revisions)\n   bisect    Use binary search to find the commit that introduced a bug\n   diff      Show changes between commits, commit and working tree, etc\n   grep      Print lines matching a pattern\n   log       Show commit logs\n   show      Show various types of objects\n   status    Show the working tree status\n\ngrow, mark and tweak your common history\n   branch    List, create, or delete branches\n   commit    Record changes to the repository\n   merge     Join two or more development histories together\n   rebase    Reapply commits on top of another base tip\n   reset     Reset current HEAD to the specified state\n   switch    Switch branches\n   tag       Create, list, delete or verify a tag object signed with GPG\n\ncollaborate (see also: git help workflows)\n   fetch     Download objects and refs from another repository\n   pull      Fetch from and integrate with another repository or a local branch\n   push      Update remote refs along with associated objects\n\n'git help -a' and 'git help -g' list available subcommands and some\nconcept guides. See 'git help <command>' or 'git help <concept>'\nto read about a specific subcommand or concept.\nSee 'git help git' for an overview of the system.\n""
[0m04:48:59.037337 [debug] [MainThread]: STDERR: "b''"
[0m04:48:59.043867 [debug] [MainThread]: Acquiring new bigquery connection "debug"
[0m04:48:59.044698 [debug] [MainThread]: Opening a new connection, currently in state init
[0m04:48:59.047618 [debug] [MainThread]: On debug: select 1 as id
[0m04:49:01.361765 [debug] [MainThread]: BigQuery adapter: https://console.cloud.google.com/bigquery?project=summer-beacon-324103&j=bq:e7a2f01a-9a22-4eb6-88db-afeca694f527:US&page=queryresults
[0m04:49:01.363022 [debug] [MainThread]: Sending event: {'category': 'dbt', 'action': 'invocation', 'label': 'end', 'context': [<snowplow_tracker.self_describing_json.SelfDescribingJson object at 0x107f44b20>, <snowplow_tracker.self_describing_json.SelfDescribingJson object at 0x107f83610>, <snowplow_tracker.self_describing_json.SelfDescribingJson object at 0x107f83520>]}
[0m04:49:01.363512 [debug] [MainThread]: Flushing usage events
[0m04:49:02.569832 [debug] [MainThread]: Connection 'debug' was properly closed.


============================== 2022-11-13 04:53:23.319068 | cd23425a-06af-4ad1-9775-857d1718bc9d ==============================
[0m04:53:23.319077 [info ] [MainThread]: Running with dbt=1.3.0
[0m04:53:23.319556 [debug] [MainThread]: running dbt with arguments {'write_json': True, 'use_colors': True, 'printer_width': 80, 'version_check': True, 'partial_parse': True, 'static_parser': True, 'profiles_dir': '/Users/rattapon/.dbt', 'send_anonymous_usage_stats': True, 'event_buffer_size': 100000, 'quiet': False, 'no_print': False, 'config_dir': False, 'which': 'debug', 'indirect_selection': 'eager'}
[0m04:53:23.319678 [debug] [MainThread]: Tracking: tracking
[0m04:53:23.334853 [debug] [MainThread]: Sending event: {'category': 'dbt', 'action': 'invocation', 'label': 'start', 'context': [<snowplow_tracker.self_describing_json.SelfDescribingJson object at 0x1085b3610>, <snowplow_tracker.self_describing_json.SelfDescribingJson object at 0x108559880>, <snowplow_tracker.self_describing_json.SelfDescribingJson object at 0x1085a8880>]}
[0m04:53:23.824089 [debug] [MainThread]: Executing "git --help"
[0m04:53:23.831781 [debug] [MainThread]: STDOUT: "b"usage: git [-v | --version] [-h | --help] [-C <path>] [-c <name>=<value>]\n           [--exec-path[=<path>]] [--html-path] [--man-path] [--info-path]\n           [-p | --paginate | -P | --no-pager] [--no-replace-objects] [--bare]\n           [--git-dir=<path>] [--work-tree=<path>] [--namespace=<name>]\n           [--super-prefix=<path>] [--config-env=<name>=<envvar>]\n           <command> [<args>]\n\nThese are common Git commands used in various situations:\n\nstart a working area (see also: git help tutorial)\n   clone     Clone a repository into a new directory\n   init      Create an empty Git repository or reinitialize an existing one\n\nwork on the current change (see also: git help everyday)\n   add       Add file contents to the index\n   mv        Move or rename a file, a directory, or a symlink\n   restore   Restore working tree files\n   rm        Remove files from the working tree and from the index\n\nexamine the history and state (see also: git help revisions)\n   bisect    Use binary search to find the commit that introduced a bug\n   diff      Show changes between commits, commit and working tree, etc\n   grep      Print lines matching a pattern\n   log       Show commit logs\n   show      Show various types of objects\n   status    Show the working tree status\n\ngrow, mark and tweak your common history\n   branch    List, create, or delete branches\n   commit    Record changes to the repository\n   merge     Join two or more development histories together\n   rebase    Reapply commits on top of another base tip\n   reset     Reset current HEAD to the specified state\n   switch    Switch branches\n   tag       Create, list, delete or verify a tag object signed with GPG\n\ncollaborate (see also: git help workflows)\n   fetch     Download objects and refs from another repository\n   pull      Fetch from and integrate with another repository or a local branch\n   push      Update remote refs along with associated objects\n\n'git help -a' and 'git help -g' list available subcommands and some\nconcept guides. See 'git help <command>' or 'git help <concept>'\nto read about a specific subcommand or concept.\nSee 'git help git' for an overview of the system.\n""
[0m04:53:23.832358 [debug] [MainThread]: STDERR: "b''"
[0m04:53:23.836950 [debug] [MainThread]: Acquiring new bigquery connection "debug"
[0m04:53:23.837698 [debug] [MainThread]: Opening a new connection, currently in state init
[0m04:53:23.840296 [debug] [MainThread]: On debug: select 1 as id
[0m04:53:26.796928 [debug] [MainThread]: BigQuery adapter: https://console.cloud.google.com/bigquery?project=summer-beacon-324103&j=bq:3208afde-3835-496b-ab61-b5e0818d9128:US&page=queryresults
[0m04:53:26.798181 [debug] [MainThread]: Sending event: {'category': 'dbt', 'action': 'invocation', 'label': 'end', 'context': [<snowplow_tracker.self_describing_json.SelfDescribingJson object at 0x10a077700>, <snowplow_tracker.self_describing_json.SelfDescribingJson object at 0x10a093d60>, <snowplow_tracker.self_describing_json.SelfDescribingJson object at 0x10a093820>]}
[0m04:53:26.798681 [debug] [MainThread]: Flushing usage events
[0m04:53:28.205444 [debug] [MainThread]: Connection 'debug' was properly closed.
